<?xml version="1.0" encoding="UTF-8"?>
<!-- Generated by org.testng.reporters.JUnitReportReporter -->
<testsuite skipped="0" hostname="LAPTOP-92D7KHE2" name="home.Modluedd" tests="1" failures="0" timestamp="2021-09-07T20:47:16 IST" time="2.584" errors="0">
  <testcase name="moduledd" time="2.584" classname="home.Modluedd"/>
</testsuite> <!-- home.Modluedd -->
