<?xml version="1.0" encoding="UTF-8"?>
<!-- Generated by org.testng.reporters.JUnitReportReporter -->
<testsuite skipped="0" hostname="LAPTOP-92D7KHE2" name="reports.CreateNewreporttest" tests="1" failures="0" timestamp="2021-09-07T23:34:44 IST" time="4.376" errors="0">
  <testcase name="Createnewreport" time="4.376" classname="reports.CreateNewreporttest"/>
</testsuite> <!-- reports.CreateNewreporttest -->
