<?xml version="1.0" encoding="UTF-8"?>
<!-- Generated by org.testng.reporters.JUnitReportReporter -->
<testsuite skipped="0" hostname="LAPTOP-92D7KHE2" name="forecasts.Newforecast" tests="1" failures="0" timestamp="2021-09-07T20:53:35 IST" time="14.209" errors="0">
  <testcase name="forecast" time="14.209" classname="forecasts.Newforecast"/>
</testsuite> <!-- forecasts.Newforecast -->
