<?xml version="1.0" encoding="UTF-8"?>
<!-- Generated by org.testng.reporters.JUnitReportReporter -->
<testsuite skipped="0" hostname="LAPTOP-92D7KHE2" name="purchaseorders.Createviewtest" tests="1" failures="0" timestamp="2021-09-07T20:44:30 IST" time="6.452" errors="0">
  <testcase name="createview" time="6.452" classname="purchaseorders.Createviewtest"/>
</testsuite> <!-- purchaseorders.Createviewtest -->
