<?xml version="1.0" encoding="UTF-8"?>
<!-- Generated by org.testng.reporters.JUnitReportReporter -->
<testsuite skipped="0" hostname="LAPTOP-92D7KHE2" name="Leads.QuickCreateTest" tests="1" failures="0" timestamp="2021-09-07T21:17:59 IST" time="15.849" errors="0">
  <testcase name="QuickCreateLeadTest" time="15.849" classname="Leads.QuickCreateTest"/>
</testsuite> <!-- Leads.QuickCreateTest -->
