<?xml version="1.0" encoding="UTF-8"?>
<!-- Generated by org.testng.reporters.JUnitReportReporter -->
<testsuite hostname="LAPTOP-92D7KHE2" failures="0" tests="1" name="purchaseorders.Createviewtest" time="5.262" errors="0" timestamp="2021-09-06T23:56:49 IST" skipped="0">
  <testcase classname="purchaseorders.Createviewtest" name="createview" time="5.262"/>
</testsuite> <!-- purchaseorders.Createviewtest -->
