<?xml version="1.0" encoding="UTF-8"?>
<!-- Generated by org.testng.reporters.JUnitReportReporter -->
<testsuite skipped="0" hostname="LAPTOP-92D7KHE2" name="home.SearchHomeTest" tests="1" failures="0" timestamp="2021-09-07T20:50:19 IST" time="2.775" errors="0">
  <testcase name="searchTest" time="2.775" classname="home.SearchHomeTest"/>
</testsuite> <!-- home.SearchHomeTest -->
