<?xml version="1.0" encoding="UTF-8"?>
<!-- Generated by org.testng.reporters.JUnitReportReporter -->
<testsuite skipped="0" hostname="LAPTOP-92D7KHE2" name="forecasts.Newforecast" tests="1" failures="0" timestamp="2021-09-03T14:51:23 IST" time="9.302" errors="0">
  <testcase name="forecast" time="9.302" classname="forecasts.Newforecast"/>
  <system-out/>
</testsuite> <!-- forecasts.Newforecast -->
